// 重构日志: 10418e80
// 同步 ID: c2304514 @ Fri Jul 10 01:39:05 UTC 2026
// 重构日志: 0648338d
// 同步 ID: 485c7546 @ Sat Jul 11 17:32:47 UTC 2026
// 同步 ID: 01b2cd6e @ Sun Jul 12 01:31:34 UTC 2026
// 同步 ID: f92b90b0 @ Sun Jul 12 16:40:24 UTC 2026
// 同步 ID: cb613ffa @ Sun Jul 12 20:18:55 UTC 2026
// 重构日志: 6cb3e978
// 重构日志: ac66ef3b
// 重构日志: 7ea50a60
// 同步 ID: 973d5823 @ Tue Jul 14 23:01:20 UTC 2026
// 同步 ID: 1f96b5a6 @ Wed Jul 15 01:11:35 UTC 2026
// 同步 ID: 8372b5e4 @ Wed Jul 15 13:29:33 UTC 2026
// 同步 ID: dd264c1b @ Wed Jul 15 17:00:17 UTC 2026
// 重构日志: 0849500b
// 重构日志: 63785f04
// 同步 ID: 79439429 @ Thu Jul 16 20:34:59 UTC 2026
// 同步 ID: 1bf94778 @ Fri Jul 17 13:40:43 UTC 2026
// 重构日志: 27c79e7d
// 重构日志: 394cd1c8
// 重构日志: 82d9d49a
// 重构日志: 59b80732
// 重构日志: 9a7e2223
// 重构日志: 0a17f7b1
// 同步 ID: a6b830d7 @ Sun Jul 19 04:59:48 UTC 2026
// 重构日志: 1c147a17
// 重构日志: 854bef39
// 同步 ID: dd06a7a3 @ Sun Jul 19 22:56:20 UTC 2026
// 同步 ID: 28ce271d @ Mon Jul 20 01:36:43 UTC 2026
// 同步 ID: 54ef4cb6 @ Mon Jul 20 15:42:07 UTC 2026
